{
  "RSpec": {
    "coverage": {
      "/Users/austinvanloon/futbol/lib/stat_tracker.rb": {
        "lines": [
          1,
          1,
          1,
          1,
          null,
          null,
          null,
          null,
          1,
          null,
          null,
          1,
          null,
          1,
          null,
          1,
          null,
          1,
          40,
          40,
          40,
          null,
          null,
          1,
          230734,
          1079,
          461429,
          null,
          39,
          null,
          null,
          1,
          2,
          7444,
          null,
          null,
          null,
          1,
          2,
          7444,
          null,
          null,
          null,
          1,
          2,
          2,
          7444,
          null,
          2,
          null,
          null,
          null,
          1,
          2,
          2,
          7444,
          null,
          2,
          null,
          null,
          null,
          1,
          2,
          2,
          7444,
          null,
          null,
          2,
          null,
          null,
          1,
          2,
          2,
          7444,
          null,
          2,
          null,
          null,
          1,
          2,
          2,
          7444,
          null,
          2,
          null,
          null,
          null,
          1,
          2,
          8,
          null,
          null,
          2,
          7444,
          7444,
          7444,
          7444,
          null,
          null,
          2,
          null,
          2,
          8,
          null,
          null,
          2,
          null,
          null
        ]
      },
      "/Users/austinvanloon/futbol/lib/game.rb": {
        "lines": [
          1,
          null,
          1,
          null,
          null,
          null,
          null,
          null,
          null,
          null,
          null,
          null,
          null,
          1,
          230697,
          230697,
          230697,
          230697,
          230697,
          230697,
          230697,
          230697,
          230697,
          230697,
          null,
          null,
          null,
          null
        ]
      },
      "/Users/austinvanloon/futbol/lib/team.rb": {
        "lines": [
          1,
          null,
          1,
          null,
          null,
          null,
          null,
          null,
          null,
          1,
          1042,
          1042,
          1042,
          1042,
          1042,
          1042,
          null,
          null,
          null
        ]
      },
      "/Users/austinvanloon/futbol/lib/game_team.rb": {
        "lines": [
          1,
          null,
          1,
          null,
          null,
          null,
          null,
          null,
          null,
          null,
          null,
          null,
          null,
          null,
          null,
          null,
          null,
          null,
          1,
          461392,
          461392,
          461392,
          461392,
          461392,
          461392,
          461392,
          461392,
          461392,
          461392,
          461392,
          461392,
          461392,
          461392,
          461392,
          null,
          null,
          null,
          null,
          null
        ]
      },
      "/Users/austinvanloon/futbol/lib/league_statistics.rb": {
        "lines": [
          1,
          1,
          1,
          1,
          null,
          1,
          14882,
          null,
          14882,
          32,
          32,
          null,
          14850,
          14850,
          null,
          null,
          null,
          1,
          1,
          null,
          1,
          32,
          32,
          4,
          4,
          null,
          null,
          null,
          1,
          null,
          null,
          1,
          0,
          0,
          null,
          0,
          0,
          null,
          0,
          0,
          0,
          null,
          0,
          0,
          null,
          null,
          null,
          0,
          0,
          null,
          0,
          0,
          0,
          0,
          0,
          null,
          null,
          null,
          0,
          null,
          null,
          1,
          1,
          null,
          1,
          14882,
          7441,
          null,
          null,
          null,
          1,
          1,
          null,
          1,
          null,
          null,
          1,
          1,
          null,
          1,
          14882,
          7441,
          null,
          null,
          null,
          1,
          1,
          null,
          1,
          null,
          null,
          1,
          1,
          null,
          1,
          14882,
          7441,
          null,
          null,
          null,
          1,
          1,
          null,
          1,
          null,
          null,
          1,
          1,
          null,
          1,
          14882,
          7441,
          null,
          null,
          null,
          1,
          1,
          null,
          1,
          null,
          null,
          1,
          null,
          1,
          103,
          null,
          null
        ]
      }
    },
    "timestamp": 1745535977
  }
}
