{
  "RSpec": {
    "coverage": {
      "/Users/williamross/dev/turing_work/1mod/projects/futbol/lib/stat_tracker.rb": {
        "lines": [
          1,
          1,
          1,
          1,
          null,
          null,
          null,
          null,
          null,
          null,
          null,
          1,
          null,
          null,
          null,
          1,
          null,
          1,
          10,
          10,
          10,
          null,
          null,
          1,
          7474,
          89,
          14939,
          null,
          9,
          null,
          null,
          1,
          1,
          3,
          null,
          null,
          null,
          1,
          1,
          3,
          null,
          null,
          null,
          1,
          1,
          1,
          3,
          null,
          1,
          null,
          null,
          null,
          1,
          1,
          1,
          3,
          null,
          1,
          null,
          null,
          null,
          1,
          1,
          1,
          3,
          null,
          null,
          1,
          null,
          null,
          1,
          1,
          1,
          3,
          null,
          1,
          null,
          null,
          1,
          1,
          1,
          3,
          null,
          1,
          null,
          null,
          null,
          1,
          1,
          2,
          null,
          null,
          1,
          3,
          3,
          3,
          3,
          null,
          null,
          1,
          null,
          1,
          2,
          null,
          null,
          1,
          null,
          null
        ]
      },
      "/Users/williamross/dev/turing_work/1mod/projects/futbol/lib/game.rb": {
        "lines": [
          1,
          null,
          1,
          null,
          null,
          null,
          null,
          null,
          null,
          null,
          null,
          null,
          null,
          1,
          7469,
          7469,
          7469,
          7469,
          7469,
          7469,
          7469,
          7469,
          7469,
          7469,
          null,
          null,
          null,
          null
        ]
      },
      "/Users/williamross/dev/turing_work/1mod/projects/futbol/lib/team.rb": {
        "lines": [
          1,
          null,
          1,
          null,
          null,
          null,
          null,
          null,
          null,
          1,
          84,
          84,
          84,
          84,
          84,
          84,
          null,
          null,
          null
        ]
      },
      "/Users/williamross/dev/turing_work/1mod/projects/futbol/lib/game_team.rb": {
        "lines": [
          1,
          null,
          1,
          null,
          null,
          null,
          null,
          null,
          null,
          null,
          null,
          null,
          null,
          null,
          null,
          null,
          null,
          null,
          1,
          14934,
          14934,
          14934,
          14934,
          14934,
          14934,
          14934,
          14934,
          14934,
          14934,
          14934,
          14934,
          14934,
          14934,
          14934,
          null,
          null,
          null,
          null,
          null
        ]
      }
    },
    "timestamp": 1745445278
  }
}
